{"name": "test_sending", "status": "failed", "statusDetails": {"message": "selene.core.exceptions.TimeoutException: Message: \n\nTimed out after 3.0s, while waiting for:\nbrowser.all(('css selector', '[name=gender]')).element_by(has attribute 'value' with value 'Gender.Female').element(('xpath', '..')).click\n\nReason: AssertionError: \n\tCannot find element by condition «has attribute 'value' with value 'Gender.Female'» \n\tAmong browser.all(('css selector', '[name=gender]'))\nScreenshot: file:///Users/annavishnyakova/.selene/screenshots/1674389389564/1674389389565.png\nPageSource: file:///Users/annavishnyakova/.selene/screenshots/1674389389564/1674389389565.html", "trace": "fn = <selene.core.wait.Command object at 0x10db7e560>\n\n    @self._decorator(self)\n    def _(fn: Callable[[E], R]) -> R:\n        finish_time = time.time() + self._timeout\n    \n        while True:\n            try:\n>               return fn(self.entity)\n\nvenv/lib/python3.10/site-packages/selene/core/wait.py:122: \n_ _ _ _ _ _ _ _ _ _ _ _ _ _ _ _ _ _ _ _ _ _ _ _ _ _ _ _ _ _ _ _ _ _ _ _ _ _ _ _ \n\nself = <selene.core.wait.Command object at 0x10db7e560>\nentity = <selene.core.entity.Element object at 0x10db7e2f0>\n\n    def __call__(self, entity: T) -> R:\n>       return self._fn(entity)\n\nvenv/lib/python3.10/site-packages/selene/core/wait.py:61: \n_ _ _ _ _ _ _ _ _ _ _ _ _ _ _ _ _ _ _ _ _ _ _ _ _ _ _ _ _ _ _ _ _ _ _ _ _ _ _ _ \n\nelement = <selene.core.entity.Element object at 0x10db7e2f0>\n\n>       else Command('click', lambda element: element().click())\n    )\n\nvenv/lib/python3.10/site-packages/selene/core/entity.py:528: \n_ _ _ _ _ _ _ _ _ _ _ _ _ _ _ _ _ _ _ _ _ _ _ _ _ _ _ _ _ _ _ _ _ _ _ _ _ _ _ _ \n\nself = <selene.core.entity.Element object at 0x10db7e2f0>\n\n    def __call__(self) -> WebElement:\n>       return self.locate()\n\nvenv/lib/python3.10/site-packages/selene/core/entity.py:186: \n_ _ _ _ _ _ _ _ _ _ _ _ _ _ _ _ _ _ _ _ _ _ _ _ _ _ _ _ _ _ _ _ _ _ _ _ _ _ _ _ \n\nself = <selene.core.entity.Element object at 0x10db7e2f0>\n\n    def locate(self) -> WebElement:\n>       return self._locator()\n\nvenv/lib/python3.10/site-packages/selene/core/entity.py:179: \n_ _ _ _ _ _ _ _ _ _ _ _ _ _ _ _ _ _ _ _ _ _ _ _ _ _ _ _ _ _ _ _ _ _ _ _ _ _ _ _ \n\nself = <selene.core.locator.Locator object at 0x10db7e350>\n\n    def __call__(self) -> T:\n>       return self._locate()\n\nvenv/lib/python3.10/site-packages/selene/core/locator.py:34: \n_ _ _ _ _ _ _ _ _ _ _ _ _ _ _ _ _ _ _ _ _ _ _ _ _ _ _ _ _ _ _ _ _ _ _ _ _ _ _ _ \n\n>       Locator(f'{self}.element({by})', lambda: self().find_element(*by)),\n        self.config,\n    )\n\nvenv/lib/python3.10/site-packages/selene/core/entity.py:239: \n_ _ _ _ _ _ _ _ _ _ _ _ _ _ _ _ _ _ _ _ _ _ _ _ _ _ _ _ _ _ _ _ _ _ _ _ _ _ _ _ \n\nself = <selene.core.entity.Element object at 0x10db7d630>\n\n    def __call__(self) -> WebElement:\n>       return self.locate()\n\nvenv/lib/python3.10/site-packages/selene/core/entity.py:186: \n_ _ _ _ _ _ _ _ _ _ _ _ _ _ _ _ _ _ _ _ _ _ _ _ _ _ _ _ _ _ _ _ _ _ _ _ _ _ _ _ \n\nself = <selene.core.entity.Element object at 0x10db7d630>\n\n    def locate(self) -> WebElement:\n>       return self._locator()\n\nvenv/lib/python3.10/site-packages/selene/core/entity.py:179: \n_ _ _ _ _ _ _ _ _ _ _ _ _ _ _ _ _ _ _ _ _ _ _ _ _ _ _ _ _ _ _ _ _ _ _ _ _ _ _ _ \n\nself = <selene.core.locator.Locator object at 0x10db7d660>\n\n    def __call__(self) -> T:\n>       return self._locate()\n\nvenv/lib/python3.10/site-packages/selene/core/locator.py:34: \n_ _ _ _ _ _ _ _ _ _ _ _ _ _ _ _ _ _ _ _ _ _ _ _ _ _ _ _ _ _ _ _ _ _ _ _ _ _ _ _ \n\n    def find() -> WebElement:\n        cached = self.cached\n    \n        for element in cached:\n            if element.matching(condition):\n                return element()\n    \n        from selene.core import query\n    \n        if self.config.log_outer_html_on_failure:\n            \"\"\"\n            todo: move it support.shared.config\n            \"\"\"\n            outer_htmls = [query.outer_html(element) for element in cached]\n    \n            raise AssertionError(\n                f'\\n\\tCannot find element by condition «{condition}» '\n                f'\\n\\tAmong {self}'\n                f'\\n\\tActual webelements collection:'\n                f'\\n\\t{outer_htmls}'\n            )  # todo: isn't it better to print it all the time via hook, like for Element?\n        else:\n>           raise AssertionError(\n                f'\\n\\tCannot find element by condition «{condition}» '\n                f'\\n\\tAmong {self}'\n            )\nE           AssertionError: \nE           \tCannot find element by condition «has attribute 'value' with value 'Gender.Female'» \nE           \tAmong browser.all(('css selector', '[name=gender]'))\n\nvenv/lib/python3.10/site-packages/selene/core/entity.py:899: AssertionError\n\nDuring handling of the above exception, another exception occurred:\n\n    def test_sending():\n        student = Student(\n            first_name='Anna',\n            last_name='Vishnyakova',\n            email='mypochta@pochta.ru',\n            phone='89000000000',\n            address='Москва',\n            birthday=date(1994, 6, 3),\n            gender=Gender.Female,\n            subjects=[Subject.Maths, Subject.Arts],\n            hobby=[Hobby.Sports, Hobby.Music],\n            image='test.png',\n            state=State.Haryana,\n            city=City.Panipat\n        )\n    \n        practice_form.open()\n>       practice_form.fill(student).submit()\n\ntests/test_form_sending.py:25: \n_ _ _ _ _ _ _ _ _ _ _ _ _ _ _ _ _ _ _ _ _ _ _ _ _ _ _ _ _ _ _ _ _ _ _ _ _ _ _ _ \ndemoqa_tests_selene/model/pages/practice_form.py:168: in fill\n    .set_gender(student) \\\ndemoqa_tests_selene/model/pages/practice_form.py:125: in set_gender\n    gender.set(student.gender)\ndemoqa_tests_selene/model/controls/radiobutton.py:16: in set\n    self.element.element_by(have.value(value)).element('..').click()\nvenv/lib/python3.10/site-packages/selene/core/entity.py:525: in click\n    self.wait.for_(\nvenv/lib/python3.10/site-packages/selene/core/wait.py:147: in for_\n    return _(fn)\n_ _ _ _ _ _ _ _ _ _ _ _ _ _ _ _ _ _ _ _ _ _ _ _ _ _ _ _ _ _ _ _ _ _ _ _ _ _ _ _ \n\nfn = <selene.core.wait.Command object at 0x10db7e560>\n\n    @self._decorator(self)\n    def _(fn: Callable[[E], R]) -> R:\n        finish_time = time.time() + self._timeout\n    \n        while True:\n            try:\n                return fn(self.entity)\n            except Exception as reason:\n                if time.time() > finish_time:\n    \n                    reason_message = str(reason)\n    \n                    reason_string = '{name}: {message}'.format(\n                        name=reason.__class__.__name__,\n                        message=reason_message,\n                    )\n                    # todo: think on how can we improve logging failures in selene, e.g. reverse msg and stacktrace\n                    # stacktrace = getattr(reason, 'stacktrace', None)\n                    timeout = self._timeout\n                    entity = self.entity\n    \n                    failure = TimeoutException(\n                        f'\\n'\n                        f'\\nTimed out after {timeout}s, while waiting for:'\n                        f'\\n{entity}.{fn}'\n                        f'\\n'\n                        f'\\nReason: {reason_string}'\n                    )\n    \n>                   raise self._hook_failure(failure)\nE                   selene.core.exceptions.TimeoutException: Message: \nE                   \nE                   Timed out after 3.0s, while waiting for:\nE                   browser.all(('css selector', '[name=gender]')).element_by(has attribute 'value' with value 'Gender.Female').element(('xpath', '..')).click\nE                   \nE                   Reason: AssertionError: \nE                   \tCannot find element by condition «has attribute 'value' with value 'Gender.Female'» \nE                   \tAmong browser.all(('css selector', '[name=gender]'))\nE                   Screenshot: file:///Users/annavishnyakova/.selene/screenshots/1674389389564/1674389389565.png\nE                   PageSource: file:///Users/annavishnyakova/.selene/screenshots/1674389389564/1674389389565.html\n\nvenv/lib/python3.10/site-packages/selene/core/wait.py:145: TimeoutException"}, "start": 1674389389592, "stop": 1674389405770, "uuid": "455afbb7-03dc-4703-982e-2a8edae44f56", "historyId": "f84a44ba9169ec3b67bc3bab3111c34d", "testCaseId": "404defe7aa34c817caa299928647ea50", "fullName": "tests.test_form_sending#test_sending", "labels": [{"name": "parentSuite", "value": "tests"}, {"name": "suite", "value": "test_form_sending"}, {"name": "host", "value": "MacBook-Pro-Anna.local"}, {"name": "thread", "value": "85651-MainThread"}, {"name": "framework", "value": "pytest"}, {"name": "language", "value": "cpython3"}, {"name": "package", "value": "tests.test_form_sending"}]}